[debug] [2024-03-02T23:40:25.605Z] ----------------------------------------------------------------------
[debug] [2024-03-02T23:40:25.606Z] Command:       C:\Program Files\nodejs\node.exe C:\Users\aaron\AppData\Roaming\npm\node_modules\firebase-tools\lib\bin\firebase.js init
[debug] [2024-03-02T23:40:25.606Z] CLI Version:   12.9.1
[debug] [2024-03-02T23:40:25.607Z] Platform:      win32
[debug] [2024-03-02T23:40:25.607Z] Node Version:  v16.13.2
[debug] [2024-03-02T23:40:25.607Z] Time:          Sat Mar 02 2024 15:40:25 GMT-0800 (Pacific Standard Time)
[debug] [2024-03-02T23:40:25.607Z] ----------------------------------------------------------------------
[debug] 
[debug] [2024-03-02T23:40:25.612Z] > command requires scopes: ["email","openid","https://www.googleapis.com/auth/cloudplatformprojects.readonly","https://www.googleapis.com/auth/firebase","https://www.googleapis.com/auth/cloud-platform"]
[debug] [2024-03-02T23:40:25.612Z] > authorizing via signed-in user (aaron.slowinski@gmail.com)
[info] 
     ######## #### ########  ######## ########     ###     ######  ########
     ##        ##  ##     ## ##       ##     ##  ##   ##  ##       ##
     ######    ##  ########  ######   ########  #########  ######  ######
     ##        ##  ##    ##  ##       ##     ## ##     ##       ## ##
     ##       #### ##     ## ######## ########  ##     ##  ######  ########

You're about to initialize a Firebase project in this directory:

  C:\Users\aaron\OneDrive\Desktop\NuCamp\Web Fundamentals\NucampFolder\WebDev\1-Web-Dev-Fundamentals\mynewwebpage

[info] 
=== Project Setup
[info] 
[info] First, let's associate this project directory with a Firebase project.
[info] You can create multiple project aliases by running firebase use --add, 
[info] but for now we'll just set up a default project.
[info] 
[info] i  If you want to create a project in a Google Cloud organization or folder, please use "firebase projects:create" instead, and return to this command when you've created the project. 
[debug] [2024-03-02T23:43:15.848Z] > refreshing access token with scopes: []
[debug] [2024-03-02T23:43:15.849Z] >>> [apiv2][query] POST https://www.googleapis.com/oauth2/v3/token [none]
[debug] [2024-03-02T23:43:15.850Z] >>> [apiv2][body] POST https://www.googleapis.com/oauth2/v3/token [omitted]
[debug] [2024-03-02T23:43:16.002Z] <<< [apiv2][status] POST https://www.googleapis.com/oauth2/v3/token 200
[debug] [2024-03-02T23:43:16.002Z] <<< [apiv2][body] POST https://www.googleapis.com/oauth2/v3/token [omitted]
[debug] [2024-03-02T23:43:16.011Z] >>> [apiv2][query] POST https://cloudresourcemanager.googleapis.com/v1/projects [none]
[debug] [2024-03-02T23:43:16.011Z] >>> [apiv2][body] POST https://cloudresourcemanager.googleapis.com/v1/projects {"projectId":"NCfinalprj03022024","name":"NCfinalprj03022024"}
[debug] [2024-03-02T23:43:16.298Z] <<< [apiv2][status] POST https://cloudresourcemanager.googleapis.com/v1/projects 400
[debug] [2024-03-02T23:43:16.298Z] <<< [apiv2][body] POST https://cloudresourcemanager.googleapis.com/v1/projects {"error":{"code":400,"message":"field [project_id] has issue [project_id contains invalid characters]","status":"INVALID_ARGUMENT","details":[{"@type":"type.googleapis.com/google.rpc.BadRequest","fieldViolations":[{"field":"project_id","description":"project_id contains invalid characters"}]},{"@type":"type.googleapis.com/google.rpc.Help","links":[{"url":"https://cloud.google.com/resource-manager/reference/rest/v1/projects"}]}]}}
[debug] [2024-03-02T23:43:16.381Z] FirebaseError: HTTP Error: 400, field [project_id] has issue [project_id contains invalid characters]
    at responseToError (C:\Users\aaron\AppData\Roaming\npm\node_modules\firebase-tools\lib\responseToError.js:49:12)
    at RetryOperation._fn (C:\Users\aaron\AppData\Roaming\npm\node_modules\firebase-tools\lib\apiv2.js:285:77)
    at processTicksAndRejections (node:internal/process/task_queues:96:5)
[error] 
[error] Error: Failed to create project. See firebase-debug.log for more info.
[debug] [2024-03-02T23:43:24.746Z] ----------------------------------------------------------------------
[debug] [2024-03-02T23:43:24.747Z] Command:       C:\Program Files\nodejs\node.exe C:\Users\aaron\AppData\Roaming\npm\node_modules\firebase-tools\lib\bin\firebase.js init
[debug] [2024-03-02T23:43:24.748Z] CLI Version:   12.9.1
[debug] [2024-03-02T23:43:24.748Z] Platform:      win32
[debug] [2024-03-02T23:43:24.748Z] Node Version:  v16.13.2
[debug] [2024-03-02T23:43:24.749Z] Time:          Sat Mar 02 2024 15:43:24 GMT-0800 (Pacific Standard Time)
[debug] [2024-03-02T23:43:24.749Z] ----------------------------------------------------------------------
[debug] 
[debug] [2024-03-02T23:43:24.754Z] > command requires scopes: ["email","openid","https://www.googleapis.com/auth/cloudplatformprojects.readonly","https://www.googleapis.com/auth/firebase","https://www.googleapis.com/auth/cloud-platform"]
[debug] [2024-03-02T23:43:24.754Z] > authorizing via signed-in user (aaron.slowinski@gmail.com)
[info] 
     ######## #### ########  ######## ########     ###     ######  ########
     ##        ##  ##     ## ##       ##     ##  ##   ##  ##       ##
     ######    ##  ########  ######   ########  #########  ######  ######
     ##        ##  ##    ##  ##       ##     ## ##     ##       ## ##
     ##       #### ##     ## ######## ########  ##     ##  ######  ########

You're about to initialize a Firebase project in this directory:

  C:\Users\aaron\OneDrive\Desktop\NuCamp\Web Fundamentals\NucampFolder\WebDev\1-Web-Dev-Fundamentals\mynewwebpage

[info] 
=== Project Setup
[info] 
[info] First, let's associate this project directory with a Firebase project.
[info] You can create multiple project aliases by running firebase use --add, 
[info] but for now we'll just set up a default project.
[info] 
[debug] [2024-03-02T23:43:32.655Z] >>> [apiv2][query] GET https://firebase.googleapis.com/v1beta1/projects pageSize=100
[debug] [2024-03-02T23:43:33.092Z] <<< [apiv2][status] GET https://firebase.googleapis.com/v1beta1/projects 200
[debug] [2024-03-02T23:43:33.093Z] <<< [apiv2][body] GET https://firebase.googleapis.com/v1beta1/projects [omitted]
